0 info it worked if it ends with ok
1 verbose cli [ '/usr/local/bin/node',
1 verbose cli   '/usr/local/bin/npm',
1 verbose cli   'install',
1 verbose cli   '--save',
1 verbose cli   'optipng-bin' ]
2 info using npm@1.2.25
3 info using node@v0.10.10
4 verbose read json /var/www/d0x3d-the-game/html/package.json
5 warn package.json html@0.0.0 No repository field.
6 warn package.json html@0.0.0 No readme data.
7 verbose read json /var/www/d0x3d-the-game/html/node_modules/grunt/package.json
8 verbose read json /var/www/d0x3d-the-game/html/node_modules/grunt-autoprefixer/package.json
9 verbose read json /var/www/d0x3d-the-game/html/node_modules/grunt-bower-install/package.json
10 verbose read json /var/www/d0x3d-the-game/html/node_modules/grunt-concurrent/package.json
11 verbose read json /var/www/d0x3d-the-game/html/node_modules/grunt-contrib-clean/package.json
12 verbose read json /var/www/d0x3d-the-game/html/node_modules/grunt-contrib-compress/package.json
13 verbose read json /var/www/d0x3d-the-game/html/node_modules/grunt-contrib-concat/package.json
14 verbose read json /var/www/d0x3d-the-game/html/node_modules/grunt-contrib-connect/package.json
15 verbose read json /var/www/d0x3d-the-game/html/node_modules/grunt-contrib-copy/package.json
16 verbose read json /var/www/d0x3d-the-game/html/node_modules/grunt-contrib-cssmin/package.json
17 verbose read json /var/www/d0x3d-the-game/html/node_modules/grunt-contrib-htmlmin/package.json
18 verbose read json /var/www/d0x3d-the-game/html/node_modules/grunt-contrib-imagemin/package.json
19 verbose read json /var/www/d0x3d-the-game/html/node_modules/grunt-contrib-jshint/package.json
20 verbose read json /var/www/d0x3d-the-game/html/node_modules/grunt-contrib-uglify/package.json
21 verbose read json /var/www/d0x3d-the-game/html/node_modules/grunt-contrib-watch/package.json
22 verbose read json /var/www/d0x3d-the-game/html/node_modules/grunt-mocha/package.json
23 verbose read json /var/www/d0x3d-the-game/html/node_modules/grunt-modernizr/package.json
24 verbose read json /var/www/d0x3d-the-game/html/node_modules/grunt-newer/package.json
25 verbose read json /var/www/d0x3d-the-game/html/node_modules/grunt-rev/package.json
26 verbose read json /var/www/d0x3d-the-game/html/node_modules/grunt-svgmin/package.json
27 verbose read json /var/www/d0x3d-the-game/html/node_modules/grunt-usemin/package.json
28 verbose read json /var/www/d0x3d-the-game/html/node_modules/jshint-stylish/package.json
29 verbose read json /var/www/d0x3d-the-game/html/node_modules/load-grunt-tasks/package.json
30 verbose read json /var/www/d0x3d-the-game/html/node_modules/time-grunt/package.json
31 verbose from cache /var/www/d0x3d-the-game/html/package.json
32 verbose readDependencies using package.json deps
33 verbose cache add [ 'optipng-bin', null ]
34 verbose cache add name=undefined spec="optipng-bin" args=["optipng-bin",null]
35 verbose parsed url { protocol: null,
35 verbose parsed url   slashes: null,
35 verbose parsed url   auth: null,
35 verbose parsed url   host: null,
35 verbose parsed url   port: null,
35 verbose parsed url   hostname: null,
35 verbose parsed url   hash: null,
35 verbose parsed url   search: null,
35 verbose parsed url   query: null,
35 verbose parsed url   pathname: 'optipng-bin',
35 verbose parsed url   path: 'optipng-bin',
35 verbose parsed url   href: 'optipng-bin' }
36 silly lockFile b5f746b4-optipng-bin optipng-bin
37 verbose lock optipng-bin /home/pshanks/.npm/b5f746b4-optipng-bin.lock
38 silly lockFile b5f746b4-optipng-bin optipng-bin
39 silly lockFile b5f746b4-optipng-bin optipng-bin
40 verbose addNamed [ 'optipng-bin', '' ]
41 verbose addNamed [ null, '' ]
42 silly lockFile a9b5f0bc-optipng-bin optipng-bin@
43 verbose lock optipng-bin@ /home/pshanks/.npm/a9b5f0bc-optipng-bin.lock
44 silly addNameRange { name: 'optipng-bin', range: '', hasData: false }
45 verbose registry.get optipng-bin not expired, no request
46 silly addNameRange number 2 { name: 'optipng-bin', range: '', hasData: true }
47 silly addNameRange versions [ 'optipng-bin',
47 silly addNameRange   [ '0.1.0',
47 silly addNameRange     '0.2.0',
47 silly addNameRange     '0.2.1',
47 silly addNameRange     '0.2.2',
47 silly addNameRange     '0.2.3',
47 silly addNameRange     '0.2.4',
47 silly addNameRange     '0.2.5',
47 silly addNameRange     '0.2.6',
47 silly addNameRange     '0.3.0',
47 silly addNameRange     '0.3.1',
47 silly addNameRange     '0.3.2',
47 silly addNameRange     '0.3.3' ] ]
48 verbose addNamed [ 'optipng-bin', '0.3.3' ]
49 verbose addNamed [ '0.3.3', '0.3.3' ]
50 silly lockFile 9e150aed-optipng-bin-0-3-3 optipng-bin@0.3.3
51 verbose lock optipng-bin@0.3.3 /home/pshanks/.npm/9e150aed-optipng-bin-0-3-3.lock
52 verbose read json /home/pshanks/.npm/optipng-bin/0.3.3/package/package.json
53 silly lockFile 9e150aed-optipng-bin-0-3-3 optipng-bin@0.3.3
54 silly lockFile 9e150aed-optipng-bin-0-3-3 optipng-bin@0.3.3
55 silly lockFile a9b5f0bc-optipng-bin optipng-bin@
56 silly lockFile a9b5f0bc-optipng-bin optipng-bin@
57 silly resolved [ { name: 'optipng-bin',
57 silly resolved     version: '0.3.3',
57 silly resolved     description: 'OptiPNG wrapper that makes it seamlessly available as a local dependency on OS X, Linux, FreeBSD and Windows',
57 silly resolved     keywords: [ 'png', 'compress', 'minify', 'optimize', 'img', 'image' ],
57 silly resolved     author:
57 silly resolved      { name: 'Sindre Sorhus',
57 silly resolved        email: 'sindresorhus@gmail.com',
57 silly resolved        url: 'http://sindresorhus.com' },
57 silly resolved     maintainers: [ [Object] ],
57 silly resolved     main: 'index.js',
57 silly resolved     bin: { optipng: 'cli.js' },
57 silly resolved     repository:
57 silly resolved      { type: 'git',
57 silly resolved        url: 'git://github.com/yeoman/node-optipng-bin.git' },
57 silly resolved     scripts:
57 silly resolved      { test: 'mocha --reporter list --timeout 0',
57 silly resolved        postinstall: 'node index.js' },
57 silly resolved     engines: { node: '>=0.10.0' },
57 silly resolved     licenses: [ [Object] ],
57 silly resolved     dependencies:
57 silly resolved      { 'bin-wrapper': '^0.2.0',
57 silly resolved        chalk: '^0.4.0',
57 silly resolved        'concat-stream': '^1.4.4',
57 silly resolved        rimraf: '^2.2.6',
57 silly resolved        tempfile: '^0.1.3',
57 silly resolved        'win-spawn': '^2.0.0' },
57 silly resolved     devDependencies: { 'bin-check': '^0.1.0', mocha: '^1.18.2', multipipe: '^0.0.2' },
57 silly resolved     files: [ 'cli.js', 'index.js', 'stream.js' ],
57 silly resolved     readme: '# node-optipng-bin [![Build Status](https://secure.travis-ci.org/yeoman/node-optipng-bin.png?branch=master)](http://travis-ci.org/yeoman/node-optipng-bin)\n\n[OptiPNG](http://optipng.sourceforge.net) 0.7.4 Node.js wrapper that makes it seamlessly available as a local dependency on OS X, Linux, FreeBSD, Solaris and Windows.\n\n> OptiPNG is a PNG optimizer that recompresses image files to a smaller size, without losing any information.\n\n## Install\n\nInstall with [npm](https://npmjs.org/package/optipng-bin): `npm install --save optipng-bin`\n\n\n## Example usage\n\n```js\nvar execFile = require(\'child_process\').execFile;\nvar optipngPath = require(\'optipng-bin\').path;\n\nexecFile(optipngPath, [\'-v\'], function(err, stdout, stderr) {\n    console.log(\'OptiPNG version:\', stdout.match(/\\d\\.\\d\\.\\d/)[0]);\n});\n```\n\nCan also be run directly from `./node_modules/.bin/optipng`.\n\n\n## License\n\nEverything excluding the binaries licensed under the [BSD license](http://opensource.org/licenses/bsd-license.php) and copyright Google.\n\nOptiPNG licensed under the [zlib license](http://optipng.sourceforge.net/license.txt) and copyright Cosmin Truta and the Contributing Authors.\n',
57 silly resolved     readmeFilename: 'readme.md',
57 silly resolved     bugs: { url: 'https://github.com/yeoman/node-optipng-bin/issues' },
57 silly resolved     _id: 'optipng-bin@0.3.3',
57 silly resolved     _from: 'optipng-bin@' } ]
58 info install optipng-bin@0.3.3 into /var/www/d0x3d-the-game/html
59 info installOne optipng-bin@0.3.3
60 verbose from cache /home/pshanks/.npm/optipng-bin/0.3.3/package/package.json
61 info /var/www/d0x3d-the-game/html/node_modules/optipng-bin unbuild
62 verbose read json /var/www/d0x3d-the-game/html/node_modules/optipng-bin/package.json
63 verbose tar unpack /home/pshanks/.npm/optipng-bin/0.3.3/package.tgz
64 silly lockFile aff35897-me-html-node-modules-optipng-bin /var/www/d0x3d-the-game/html/node_modules/optipng-bin
65 verbose lock /var/www/d0x3d-the-game/html/node_modules/optipng-bin /home/pshanks/.npm/aff35897-me-html-node-modules-optipng-bin.lock
66 silly lockFile 24cb7556-pm-optipng-bin-0-3-3-package-tgz /home/pshanks/.npm/optipng-bin/0.3.3/package.tgz
67 verbose lock /home/pshanks/.npm/optipng-bin/0.3.3/package.tgz /home/pshanks/.npm/24cb7556-pm-optipng-bin-0-3-3-package-tgz.lock
68 silly gunzTarPerm modes [ '755', '644' ]
69 silly gunzTarPerm extractEntry package.json
70 silly gunzTarPerm extractEntry cli.js
71 silly gunzTarPerm extractEntry index.js
72 silly gunzTarPerm extractEntry stream.js
73 silly gunzTarPerm extractEntry readme.md
74 verbose read json /var/www/d0x3d-the-game/html/node_modules/optipng-bin/package.json
75 silly lockFile aff35897-me-html-node-modules-optipng-bin /var/www/d0x3d-the-game/html/node_modules/optipng-bin
76 silly lockFile aff35897-me-html-node-modules-optipng-bin /var/www/d0x3d-the-game/html/node_modules/optipng-bin
77 silly lockFile 24cb7556-pm-optipng-bin-0-3-3-package-tgz /home/pshanks/.npm/optipng-bin/0.3.3/package.tgz
78 silly lockFile 24cb7556-pm-optipng-bin-0-3-3-package-tgz /home/pshanks/.npm/optipng-bin/0.3.3/package.tgz
79 info preinstall optipng-bin@0.3.3
80 verbose from cache /var/www/d0x3d-the-game/html/node_modules/optipng-bin/package.json
81 verbose readDependencies using package.json deps
82 verbose from cache /var/www/d0x3d-the-game/html/node_modules/optipng-bin/package.json
83 verbose readDependencies using package.json deps
84 verbose cache add [ 'concat-stream@^1.4.4', null ]
85 verbose cache add name=undefined spec="concat-stream@^1.4.4" args=["concat-stream@^1.4.4",null]
86 verbose parsed url { protocol: null,
86 verbose parsed url   slashes: null,
86 verbose parsed url   auth: null,
86 verbose parsed url   host: null,
86 verbose parsed url   port: null,
86 verbose parsed url   hostname: null,
86 verbose parsed url   hash: null,
86 verbose parsed url   search: null,
86 verbose parsed url   query: null,
86 verbose parsed url   pathname: 'concat-stream@^1.4.4',
86 verbose parsed url   path: 'concat-stream@^1.4.4',
86 verbose parsed url   href: 'concat-stream@^1.4.4' }
87 verbose cache add name="concat-stream" spec="^1.4.4" args=["concat-stream","^1.4.4"]
88 verbose parsed url { protocol: null,
88 verbose parsed url   slashes: null,
88 verbose parsed url   auth: null,
88 verbose parsed url   host: null,
88 verbose parsed url   port: null,
88 verbose parsed url   hostname: null,
88 verbose parsed url   hash: null,
88 verbose parsed url   search: null,
88 verbose parsed url   query: null,
88 verbose parsed url   pathname: '^1.4.4',
88 verbose parsed url   path: '^1.4.4',
88 verbose parsed url   href: '^1.4.4' }
89 verbose addNamed [ 'concat-stream', '^1.4.4' ]
90 verbose addNamed [ null, null ]
91 silly lockFile d1e9f27d-concat-stream-1-4-4 concat-stream@^1.4.4
92 verbose lock concat-stream@^1.4.4 /home/pshanks/.npm/d1e9f27d-concat-stream-1-4-4.lock
93 verbose cache add [ 'rimraf@^2.2.6', null ]
94 verbose cache add name=undefined spec="rimraf@^2.2.6" args=["rimraf@^2.2.6",null]
95 verbose parsed url { protocol: null,
95 verbose parsed url   slashes: null,
95 verbose parsed url   auth: null,
95 verbose parsed url   host: null,
95 verbose parsed url   port: null,
95 verbose parsed url   hostname: null,
95 verbose parsed url   hash: null,
95 verbose parsed url   search: null,
95 verbose parsed url   query: null,
95 verbose parsed url   pathname: 'rimraf@^2.2.6',
95 verbose parsed url   path: 'rimraf@^2.2.6',
95 verbose parsed url   href: 'rimraf@^2.2.6' }
96 verbose cache add name="rimraf" spec="^2.2.6" args=["rimraf","^2.2.6"]
97 verbose parsed url { protocol: null,
97 verbose parsed url   slashes: null,
97 verbose parsed url   auth: null,
97 verbose parsed url   host: null,
97 verbose parsed url   port: null,
97 verbose parsed url   hostname: null,
97 verbose parsed url   hash: null,
97 verbose parsed url   search: null,
97 verbose parsed url   query: null,
97 verbose parsed url   pathname: '^2.2.6',
97 verbose parsed url   path: '^2.2.6',
97 verbose parsed url   href: '^2.2.6' }
98 verbose addNamed [ 'rimraf', '^2.2.6' ]
99 verbose addNamed [ null, null ]
100 silly lockFile ebcb6df7-rimraf-2-2-6 rimraf@^2.2.6
101 verbose lock rimraf@^2.2.6 /home/pshanks/.npm/ebcb6df7-rimraf-2-2-6.lock
102 info addNameTag [ 'concat-stream', '^1.4.4' ]
103 verbose cache add [ 'tempfile@^0.1.3', null ]
104 verbose cache add name=undefined spec="tempfile@^0.1.3" args=["tempfile@^0.1.3",null]
105 verbose parsed url { protocol: null,
105 verbose parsed url   slashes: null,
105 verbose parsed url   auth: null,
105 verbose parsed url   host: null,
105 verbose parsed url   port: null,
105 verbose parsed url   hostname: null,
105 verbose parsed url   hash: null,
105 verbose parsed url   search: null,
105 verbose parsed url   query: null,
105 verbose parsed url   pathname: 'tempfile@^0.1.3',
105 verbose parsed url   path: 'tempfile@^0.1.3',
105 verbose parsed url   href: 'tempfile@^0.1.3' }
106 verbose cache add name="tempfile" spec="^0.1.3" args=["tempfile","^0.1.3"]
107 verbose parsed url { protocol: null,
107 verbose parsed url   slashes: null,
107 verbose parsed url   auth: null,
107 verbose parsed url   host: null,
107 verbose parsed url   port: null,
107 verbose parsed url   hostname: null,
107 verbose parsed url   hash: null,
107 verbose parsed url   search: null,
107 verbose parsed url   query: null,
107 verbose parsed url   pathname: '^0.1.3',
107 verbose parsed url   path: '^0.1.3',
107 verbose parsed url   href: '^0.1.3' }
108 verbose addNamed [ 'tempfile', '^0.1.3' ]
109 verbose addNamed [ null, null ]
110 silly lockFile 2be6dfc2-tempfile-0-1-3 tempfile@^0.1.3
111 verbose lock tempfile@^0.1.3 /home/pshanks/.npm/2be6dfc2-tempfile-0-1-3.lock
112 info addNameTag [ 'rimraf', '^2.2.6' ]
113 verbose cache add [ 'win-spawn@^2.0.0', null ]
114 verbose cache add name=undefined spec="win-spawn@^2.0.0" args=["win-spawn@^2.0.0",null]
115 verbose parsed url { protocol: null,
115 verbose parsed url   slashes: null,
115 verbose parsed url   auth: null,
115 verbose parsed url   host: null,
115 verbose parsed url   port: null,
115 verbose parsed url   hostname: null,
115 verbose parsed url   hash: null,
115 verbose parsed url   search: null,
115 verbose parsed url   query: null,
115 verbose parsed url   pathname: 'win-spawn@^2.0.0',
115 verbose parsed url   path: 'win-spawn@^2.0.0',
115 verbose parsed url   href: 'win-spawn@^2.0.0' }
116 verbose cache add name="win-spawn" spec="^2.0.0" args=["win-spawn","^2.0.0"]
117 verbose parsed url { protocol: null,
117 verbose parsed url   slashes: null,
117 verbose parsed url   auth: null,
117 verbose parsed url   host: null,
117 verbose parsed url   port: null,
117 verbose parsed url   hostname: null,
117 verbose parsed url   hash: null,
117 verbose parsed url   search: null,
117 verbose parsed url   query: null,
117 verbose parsed url   pathname: '^2.0.0',
117 verbose parsed url   path: '^2.0.0',
117 verbose parsed url   href: '^2.0.0' }
118 verbose addNamed [ 'win-spawn', '^2.0.0' ]
119 verbose addNamed [ null, null ]
120 silly lockFile 94d4adb4-win-spawn-2-0-0 win-spawn@^2.0.0
121 verbose lock win-spawn@^2.0.0 /home/pshanks/.npm/94d4adb4-win-spawn-2-0-0.lock
122 info addNameTag [ 'tempfile', '^0.1.3' ]
123 info addNameTag [ 'win-spawn', '^2.0.0' ]
124 verbose registry.get concat-stream not expired, no request
125 silly lockFile d1e9f27d-concat-stream-1-4-4 concat-stream@^1.4.4
126 silly lockFile d1e9f27d-concat-stream-1-4-4 concat-stream@^1.4.4
127 verbose cache add [ 'chalk@^0.4.0', null ]
128 verbose cache add name=undefined spec="chalk@^0.4.0" args=["chalk@^0.4.0",null]
129 verbose parsed url { protocol: null,
129 verbose parsed url   slashes: null,
129 verbose parsed url   auth: null,
129 verbose parsed url   host: null,
129 verbose parsed url   port: null,
129 verbose parsed url   hostname: null,
129 verbose parsed url   hash: null,
129 verbose parsed url   search: null,
129 verbose parsed url   query: null,
129 verbose parsed url   pathname: 'chalk@^0.4.0',
129 verbose parsed url   path: 'chalk@^0.4.0',
129 verbose parsed url   href: 'chalk@^0.4.0' }
130 verbose cache add name="chalk" spec="^0.4.0" args=["chalk","^0.4.0"]
131 verbose parsed url { protocol: null,
131 verbose parsed url   slashes: null,
131 verbose parsed url   auth: null,
131 verbose parsed url   host: null,
131 verbose parsed url   port: null,
131 verbose parsed url   hostname: null,
131 verbose parsed url   hash: null,
131 verbose parsed url   search: null,
131 verbose parsed url   query: null,
131 verbose parsed url   pathname: '^0.4.0',
131 verbose parsed url   path: '^0.4.0',
131 verbose parsed url   href: '^0.4.0' }
132 verbose addNamed [ 'chalk', '^0.4.0' ]
133 verbose addNamed [ null, null ]
134 silly lockFile b2f4396d-chalk-0-4-0 chalk@^0.4.0
135 verbose lock chalk@^0.4.0 /home/pshanks/.npm/b2f4396d-chalk-0-4-0.lock
136 verbose cache add [ 'bin-wrapper@^0.2.0', null ]
137 verbose cache add name=undefined spec="bin-wrapper@^0.2.0" args=["bin-wrapper@^0.2.0",null]
138 verbose parsed url { protocol: null,
138 verbose parsed url   slashes: null,
138 verbose parsed url   auth: null,
138 verbose parsed url   host: null,
138 verbose parsed url   port: null,
138 verbose parsed url   hostname: null,
138 verbose parsed url   hash: null,
138 verbose parsed url   search: null,
138 verbose parsed url   query: null,
138 verbose parsed url   pathname: 'bin-wrapper@^0.2.0',
138 verbose parsed url   path: 'bin-wrapper@^0.2.0',
138 verbose parsed url   href: 'bin-wrapper@^0.2.0' }
139 verbose cache add name="bin-wrapper" spec="^0.2.0" args=["bin-wrapper","^0.2.0"]
140 verbose parsed url { protocol: null,
140 verbose parsed url   slashes: null,
140 verbose parsed url   auth: null,
140 verbose parsed url   host: null,
140 verbose parsed url   port: null,
140 verbose parsed url   hostname: null,
140 verbose parsed url   hash: null,
140 verbose parsed url   search: null,
140 verbose parsed url   query: null,
140 verbose parsed url   pathname: '^0.2.0',
140 verbose parsed url   path: '^0.2.0',
140 verbose parsed url   href: '^0.2.0' }
141 verbose addNamed [ 'bin-wrapper', '^0.2.0' ]
142 verbose addNamed [ null, null ]
143 silly lockFile e47d8940-bin-wrapper-0-2-0 bin-wrapper@^0.2.0
144 verbose lock bin-wrapper@^0.2.0 /home/pshanks/.npm/e47d8940-bin-wrapper-0-2-0.lock
145 verbose registry.get rimraf not expired, no request
146 silly lockFile ebcb6df7-rimraf-2-2-6 rimraf@^2.2.6
147 silly lockFile ebcb6df7-rimraf-2-2-6 rimraf@^2.2.6
148 info addNameTag [ 'chalk', '^0.4.0' ]
149 info addNameTag [ 'bin-wrapper', '^0.2.0' ]
150 verbose registry.get tempfile not expired, no request
151 silly lockFile 2be6dfc2-tempfile-0-1-3 tempfile@^0.1.3
152 silly lockFile 2be6dfc2-tempfile-0-1-3 tempfile@^0.1.3
153 verbose registry.get win-spawn not expired, no request
154 silly lockFile 94d4adb4-win-spawn-2-0-0 win-spawn@^2.0.0
155 silly lockFile 94d4adb4-win-spawn-2-0-0 win-spawn@^2.0.0
156 verbose about to build /var/www/d0x3d-the-game/html/node_modules/optipng-bin
157 info /var/www/d0x3d-the-game/html/node_modules/optipng-bin unbuild
158 verbose from cache /var/www/d0x3d-the-game/html/node_modules/optipng-bin/package.json
159 info preuninstall optipng-bin@0.3.3
160 info uninstall optipng-bin@0.3.3
161 verbose registry.get chalk not expired, no request
162 silly lockFile b2f4396d-chalk-0-4-0 chalk@^0.4.0
163 silly lockFile b2f4396d-chalk-0-4-0 chalk@^0.4.0
164 verbose true,/var/www/d0x3d-the-game/html/node_modules,/var/www/d0x3d-the-game/html/node_modules unbuild optipng-bin@0.3.3
165 verbose /var/www/d0x3d-the-game/html/node_modules/.bin,[object Object] binRoot
166 verbose registry.get bin-wrapper not expired, no request
167 silly lockFile e47d8940-bin-wrapper-0-2-0 bin-wrapper@^0.2.0
168 silly lockFile e47d8940-bin-wrapper-0-2-0 bin-wrapper@^0.2.0
169 info postuninstall optipng-bin@0.3.3
170 error Error: No compatible version found: concat-stream@'^1.4.4'
170 error Valid install targets:
170 error ["0.0.1","0.0.2","0.0.3","0.0.4","0.0.5","0.0.6","0.0.7","0.0.8","0.0.9","0.1.0","0.1.1","1.0.0","1.0.1","1.1.0","1.2.0","1.2.1","1.3.0","1.3.1","1.4.0","1.4.1","1.4.2","1.4.3","1.4.4"]
170 error     at installTargetsError (/usr/local/lib/node_modules/npm/lib/cache.js:709:10)
170 error     at /usr/local/lib/node_modules/npm/lib/cache.js:631:10
170 error     at RegClient.get_ (/usr/local/lib/node_modules/npm/node_modules/npm-registry-client/lib/get.js:101:14)
170 error     at RegClient.<anonymous> (/usr/local/lib/node_modules/npm/node_modules/npm-registry-client/lib/get.js:37:12)
170 error     at fs.js:266:14
170 error     at Object.oncomplete (fs.js:107:15)
171 error If you need help, you may report this log at:
171 error     <http://github.com/isaacs/npm/issues>
171 error or email it to:
171 error     <npm-@googlegroups.com>
172 error System Linux 3.2.0-60-generic
173 error command "/usr/local/bin/node" "/usr/local/bin/npm" "install" "--save" "optipng-bin"
174 error cwd /var/www/d0x3d-the-game/html
175 error node -v v0.10.10
176 error npm -v 1.2.25
177 verbose exit [ 1, true ]
